INFO - def main ...
DEBUG - ['flashcards.py']
DEBUG - {'auto_export': None, 'auto_import': None}
INFO - def start ...
DEBUG - self.auto_export = False
INFO - def exit_app
DEBUG - False
INFO - def main ...
DEBUG - ['flashcards.py']
DEBUG - {'auto_export': None, 'auto_import': None}
INFO - def start ...
DEBUG - self.auto_export = False
INFO -  def add...
INFO - def get_data ...
INFO - def get_data ...
DEBUG - {'cat': ('meow', 0)}
INFO -  def add...
INFO - def get_data ...
INFO - def get_data ...
INFO - def get_data ...
INFO - def get_data ...
DEBUG - {'cat': ('meow', 0), 'dog': ('woof', 0)}
INFO - def ask...
INFO - def check_answers ...
INFO - def check_answers ...
DEBUG - {'cat': ('meow', 2), 'dog': ('woof', 0)}
INFO - def remove...
DEBUG - {'cat': ('meow', 2), 'dog': ('woof', 0)}
INFO - def remove...
DEBUG - {'dog': ('woof', 0)}
INFO -  def add...
INFO - def get_data ...
INFO - def get_data ...
DEBUG - {'dog': ('woof', 0), 'horse': ('neigh', 0)}
INFO - def export
INFO - starting export in animal_sounds.txt
INFO - def import_cards...
INFO - def import_cards...
DEBUG - [['dog', 'woof', '0'], ['horse', 'neigh', '0']]
INFO - def update_memory...
DEBUG - {'dog': ('woof', 0), 'horse': ('neigh', 0)}
INFO - def ask...
INFO - def check_answers ...
DEBUG - {'dog': ('woof', 0), 'horse': ('neigh', 1)}
INFO - def save_log
INFO - def exit_app
DEBUG - False
INFO - def main ...
DEBUG - ['flashcards.py']
DEBUG - {'auto_export': None, 'auto_import': None}
INFO - def start ...
DEBUG - self.auto_export = False
INFO - def hardest_card...
DEBUG - 
INFO -  def add...
INFO - def get_data ...
INFO - def get_data ...
DEBUG - {'Canada': ('Ottawa', 0)}
INFO -  def add...
INFO - def get_data ...
INFO - def get_data ...
DEBUG - {'Canada': ('Ottawa', 0), 'Japan': ('Tokyo', 0)}
INFO -  def add...
INFO - def get_data ...
INFO - def get_data ...
DEBUG - {'Canada': ('Ottawa', 0), 'Japan': ('Tokyo', 0), 'Poland': ('Warsaw', 0)}
INFO - def ask...
INFO - def check_answers ...
INFO - def check_answers ...
INFO - def check_answers ...
INFO - def check_answers ...
INFO - def check_answers ...
INFO - def check_answers ...
INFO - def check_answers ...
INFO - def check_answers ...
INFO - def check_answers ...
INFO - def check_answers ...
INFO - def check_answers ...
INFO - def check_answers ...
INFO - def check_answers ...
INFO - def check_answers ...
INFO - def check_answers ...
INFO - def check_answers ...
INFO - def check_answers ...
INFO - def check_answers ...
INFO - def check_answers ...
INFO - def check_answers ...
INFO - def check_answers ...
INFO - def check_answers ...
INFO - def check_answers ...
INFO - def check_answers ...
INFO - def check_answers ...
INFO - def check_answers ...
INFO - def check_answers ...
INFO - def check_answers ...
INFO - def check_answers ...
INFO - def check_answers ...
INFO - def check_answers ...
INFO - def check_answers ...
INFO - def check_answers ...
INFO - def check_answers ...
INFO - def check_answers ...
INFO - def check_answers ...
INFO - def check_answers ...
INFO - def check_answers ...
INFO - def check_answers ...
INFO - def check_answers ...
INFO - def check_answers ...
INFO - def check_answers ...
INFO - def check_answers ...
INFO - def check_answers ...
INFO - def check_answers ...
INFO - def check_answers ...
INFO - def check_answers ...
INFO - def check_answers ...
INFO - def check_answers ...
INFO - def check_answers ...
INFO - def check_answers ...
INFO - def check_answers ...
INFO - def check_answers ...
INFO - def check_answers ...
INFO - def check_answers ...
INFO - def check_answers ...
INFO - def check_answers ...
INFO - def check_answers ...
INFO - def check_answers ...
INFO - def check_answers ...
INFO - def check_answers ...
INFO - def check_answers ...
INFO - def check_answers ...
INFO - def check_answers ...
INFO - def check_answers ...
INFO - def check_answers ...
INFO - def check_answers ...
INFO - def check_answers ...
INFO - def check_answers ...
INFO - def check_answers ...
INFO - def check_answers ...
INFO - def check_answers ...
INFO - def check_answers ...
INFO - def check_answers ...
INFO - def check_answers ...
INFO - def check_answers ...
INFO - def check_answers ...
INFO - def check_answers ...
INFO - def check_answers ...
INFO - def check_answers ...
INFO - def check_answers ...
INFO - def check_answers ...
INFO - def check_answers ...
INFO - def check_answers ...
INFO - def check_answers ...
INFO - def check_answers ...
INFO - def check_answers ...
INFO - def check_answers ...
INFO - def check_answers ...
INFO - def check_answers ...
INFO - def check_answers ...
INFO - def check_answers ...
INFO - def check_answers ...
INFO - def check_answers ...
INFO - def check_answers ...
INFO - def check_answers ...
INFO - def check_answers ...
INFO - def check_answers ...
INFO - def check_answers ...
INFO - def check_answers ...
DEBUG - {'Canada': ('Ottawa', 31), 'Japan': ('Tokyo', 34), 'Poland': ('Warsaw', 35)}
INFO - def hardest_card...
DEBUG - 
DEBUG - The hardest card is "Poland". You have 35 errors answering it.
INFO - def export
INFO - starting export in capitals.txt
INFO - def import_cards...
DEBUG - [['Canada', 'Ottawa', '31'], ['Japan', 'Tokyo', '34'], ['Poland', 'Warsaw', '35']]
INFO - def update_memory...
DEBUG - {'Canada': ('Ottawa', 31), 'Japan': ('Tokyo', 34), 'Poland': ('Warsaw', 35)}
INFO - def hardest_card...
DEBUG - Poland
DEBUG - The hardest card is "Poland". You have 35 errors answering it.
INFO - def reset_stats ...
INFO - def hardest_card...
DEBUG - Poland
INFO - def exit_app
DEBUG - False
INFO - def main ...
DEBUG - ['flashcards.py', '--export_to=states.txt']
DEBUG - {'auto_export': (True, 'states.txt'), 'auto_import': None}
INFO - def start ...
DEBUG - self.auto_export = True
INFO -  def add...
INFO - def get_data ...
INFO - def get_data ...
DEBUG - {'Texas': ('Austin', 0)}
INFO -  def add...
INFO - def get_data ...
INFO - def get_data ...
DEBUG - {'Texas': ('Austin', 0), 'Florida': ('Tallahassee', 0)}
INFO -  def add...
INFO - def get_data ...
INFO - def get_data ...
DEBUG - {'Texas': ('Austin', 0), 'Florida': ('Tallahassee', 0), 'California': ('Sacramento', 0)}
INFO - def ask...
INFO - def check_answers ...
INFO - def check_answers ...
INFO - def check_answers ...
DEBUG - {'Texas': ('Austin', 0), 'Florida': ('Tallahassee', 1), 'California': ('Sacramento', 2)}
INFO - def exit_app
DEBUG - True
INFO - starting auto_export...
INFO - def export
INFO - starting export in states.txt
INFO - def main ...
DEBUG - ['flashcards.py', '--import_from=states.txt']
DEBUG - {'auto_export': None, 'auto_import': (True, 'states.txt')}
INFO - def start ...
INFO - def import_cards...
DEBUG - starting auto_import from states.txt
DEBUG - [['Texas', 'Austin', '0'], ['Florida', 'Tallahassee', '1'], ['California', 'Sacramento', '2']]
INFO - def update_memory...
DEBUG - {'Texas': ('Austin', 0), 'Florida': ('Tallahassee', 1), 'California': ('Sacramento', 2)}
DEBUG - self.auto_export = False
INFO - def remove...
DEBUG - {'Florida': ('Tallahassee', 1), 'California': ('Sacramento', 2)}
INFO - def remove...
DEBUG - {'California': ('Sacramento', 2)}
INFO - def ask...
INFO - def check_answers ...
INFO - def check_answers ...
DEBUG - {'California': ('Sacramento', 4)}
INFO - def exit_app
DEBUG - False
INFO - def main ...
DEBUG - ['flashcards.py', '--export_to=states.txt', '--import_from=states.txt']
DEBUG - {'auto_export': (True, 'states.txt'), 'auto_import': (True, 'states.txt')}
INFO - def start ...
INFO - def import_cards...
DEBUG - starting auto_import from states.txt
DEBUG - [['Texas', 'Austin', '0'], ['Florida', 'Tallahassee', '1'], ['California', 'Sacramento', '2']]
INFO - def update_memory...
DEBUG - {'Texas': ('Austin', 0), 'Florida': ('Tallahassee', 1), 'California': ('Sacramento', 2)}
DEBUG - self.auto_export = True
INFO - def ask...
INFO - def check_answers ...
DEBUG - {'Texas': ('Austin', 0), 'Florida': ('Tallahassee', 2), 'California': ('Sacramento', 2)}
INFO - def exit_app
DEBUG - True
INFO - starting auto_export...
INFO - def export
INFO - starting export in states.txt
